[5.725s] DEBUG:colcon:Command line arguments: ['/usr/bin/colcon', 'build', '--packages-select', 'vision2024']
[5.725s] DEBUG:colcon:Parsed command line arguments: Namespace(allow_overriding=[], ament_cmake_args=None, base_paths=['.'], build_base='build', catkin_cmake_args=None, catkin_skip_building_tests=False, cmake_args=None, cmake_clean_cache=False, cmake_clean_first=False, cmake_force_configure=False, cmake_target=None, cmake_target_skip_unavailable=False, continue_on_error=False, event_handlers=None, executor='parallel', ignore_user_meta=False, install_base='install', log_base=None, log_level=None, main=<bound method BuildVerb.main of <colcon_core.verb.build.BuildVerb object at 0xffffb66c77c0>>, merge_install=False, metas=['./colcon.meta'], packages_above=None, packages_above_and_dependencies=None, packages_above_depth=None, packages_end=None, packages_ignore=None, packages_ignore_regex=None, packages_select=['vision2024'], packages_select_build_failed=False, packages_select_by_dep=None, packages_select_regex=None, packages_select_test_failures=False, packages_skip=None, packages_skip_build_finished=False, packages_skip_by_dep=None, packages_skip_regex=None, packages_skip_test_passed=False, packages_skip_up_to=None, packages_start=None, packages_up_to=None, packages_up_to_regex=None, parallel_workers=6, paths=None, symlink_install=False, test_result_base=None, verb_extension=<colcon_core.verb.build.BuildVerb object at 0xffffb66c77c0>, verb_name='build', verb_parser=<colcon_defaults.argument_parser.defaults.DefaultArgumentsDecorator object at 0xffffb5feceb0>)
[6.046s] Level 1:colcon.colcon_core.package_discovery:discover_packages(colcon_meta) check parameters
[6.046s] Level 1:colcon.colcon_core.package_discovery:discover_packages(recursive) check parameters
[6.046s] Level 1:colcon.colcon_core.package_discovery:discover_packages(ignore) check parameters
[6.046s] Level 1:colcon.colcon_core.package_discovery:discover_packages(path) check parameters
[6.046s] Level 1:colcon.colcon_core.package_discovery:discover_packages(colcon_meta) discover
[6.046s] Level 1:colcon.colcon_core.package_discovery:discover_packages(recursive) discover
[6.046s] INFO:colcon.colcon_core.package_discovery:Crawling recursively for packages in '/workspaces/isaac_ros-dev/src/vision2024'
[6.047s] Level 1:colcon.colcon_core.package_identification:_identify(.) by extensions ['ignore', 'ignore_ament_install']
[6.047s] Level 1:colcon.colcon_core.package_identification:_identify(.) by extension 'ignore'
[6.047s] Level 1:colcon.colcon_core.package_identification:_identify(.) by extension 'ignore_ament_install'
[6.047s] Level 1:colcon.colcon_core.package_identification:_identify(.) by extensions ['colcon_pkg']
[6.047s] Level 1:colcon.colcon_core.package_identification:_identify(.) by extension 'colcon_pkg'
[6.047s] Level 1:colcon.colcon_core.package_identification:_identify(.) by extensions ['colcon_meta']
[6.047s] Level 1:colcon.colcon_core.package_identification:_identify(.) by extension 'colcon_meta'
[6.048s] Level 1:colcon.colcon_core.package_identification:_identify(.) by extensions ['ros']
[6.048s] Level 1:colcon.colcon_core.package_identification:_identify(.) by extension 'ros'
[6.085s] DEBUG:colcon.colcon_core.package_identification:Package '.' with type 'ros.ament_python' and name 'vision2024'
[6.085s] Level 1:colcon.colcon_core.package_discovery:discover_packages(recursive) using defaults
[6.086s] Level 1:colcon.colcon_core.package_discovery:discover_packages(ignore) discover
[6.086s] Level 1:colcon.colcon_core.package_discovery:discover_packages(ignore) using defaults
[6.086s] Level 1:colcon.colcon_core.package_discovery:discover_packages(path) discover
[6.086s] Level 1:colcon.colcon_core.package_discovery:discover_packages(path) using defaults
[6.268s] Level 1:colcon.colcon_core.package_discovery:discover_packages(prefix_path) check parameters
[6.269s] Level 1:colcon.colcon_core.package_discovery:discover_packages(prefix_path) discover
[6.331s] DEBUG:colcon.colcon_installed_package_information.package_discovery:Found 289 installed packages in /opt/ros/humble
[6.334s] Level 1:colcon.colcon_core.package_discovery:discover_packages(prefix_path) using defaults
[6.569s] Level 5:colcon.colcon_core.verb:set package 'vision2024' build argument 'cmake_args' from command line to 'None'
[6.569s] Level 5:colcon.colcon_core.verb:set package 'vision2024' build argument 'cmake_target' from command line to 'None'
[6.569s] Level 5:colcon.colcon_core.verb:set package 'vision2024' build argument 'cmake_target_skip_unavailable' from command line to 'False'
[6.569s] Level 5:colcon.colcon_core.verb:set package 'vision2024' build argument 'cmake_clean_cache' from command line to 'False'
[6.569s] Level 5:colcon.colcon_core.verb:set package 'vision2024' build argument 'cmake_clean_first' from command line to 'False'
[6.569s] Level 5:colcon.colcon_core.verb:set package 'vision2024' build argument 'cmake_force_configure' from command line to 'False'
[6.570s] Level 5:colcon.colcon_core.verb:set package 'vision2024' build argument 'ament_cmake_args' from command line to 'None'
[6.570s] Level 5:colcon.colcon_core.verb:set package 'vision2024' build argument 'catkin_cmake_args' from command line to 'None'
[6.570s] Level 5:colcon.colcon_core.verb:set package 'vision2024' build argument 'catkin_skip_building_tests' from command line to 'False'
[6.570s] DEBUG:colcon.colcon_core.verb:Building package 'vision2024' with the following arguments: {'ament_cmake_args': None, 'build_base': '/workspaces/isaac_ros-dev/src/vision2024/build/vision2024', 'catkin_cmake_args': None, 'catkin_skip_building_tests': False, 'cmake_args': None, 'cmake_clean_cache': False, 'cmake_clean_first': False, 'cmake_force_configure': False, 'cmake_target': None, 'cmake_target_skip_unavailable': False, 'install_base': '/workspaces/isaac_ros-dev/src/vision2024/install/vision2024', 'merge_install': False, 'path': '/workspaces/isaac_ros-dev/src/vision2024', 'symlink_install': False, 'test_result_base': None}
[6.597s] INFO:colcon.colcon_core.executor:Executing jobs using 'parallel' executor
[6.627s] DEBUG:colcon.colcon_parallel_executor.executor.parallel:run_until_complete
[6.628s] INFO:colcon.colcon_ros.task.ament_python.build:Building ROS package in '/workspaces/isaac_ros-dev/src/vision2024' with build type 'ament_python'
[6.628s] Level 1:colcon.colcon_core.shell:create_environment_hook('vision2024', 'ament_prefix_path')
[6.666s] INFO:colcon.colcon_core.plugin_system:Skipping extension 'colcon_core.shell.bat': Not used on non-Windows systems
[6.667s] INFO:colcon.colcon_core.shell:Creating environment hook '/workspaces/isaac_ros-dev/src/vision2024/install/vision2024/share/vision2024/hook/ament_prefix_path.ps1'
[6.668s] INFO:colcon.colcon_core.shell:Creating environment descriptor '/workspaces/isaac_ros-dev/src/vision2024/install/vision2024/share/vision2024/hook/ament_prefix_path.dsv'
[6.669s] INFO:colcon.colcon_core.shell:Creating environment hook '/workspaces/isaac_ros-dev/src/vision2024/install/vision2024/share/vision2024/hook/ament_prefix_path.sh'
[6.699s] INFO:colcon.colcon_core.shell:Skip shell extension 'powershell' for command environment: Not usable outside of PowerShell
[6.699s] DEBUG:colcon.colcon_core.shell:Skip shell extension 'dsv' for command environment
[7.640s] INFO:colcon.colcon_core.task.python.build:Building Python package in '/workspaces/isaac_ros-dev/src/vision2024'
[7.672s] INFO:colcon.colcon_core.shell:Skip shell extension 'powershell' for command environment: Not usable outside of PowerShell
[7.672s] DEBUG:colcon.colcon_core.shell:Skip shell extension 'dsv' for command environment
[9.373s] DEBUG:colcon.colcon_core.event_handler.log_command:Invoking command in '/workspaces/isaac_ros-dev/src/vision2024': PYTHONPATH=/workspaces/isaac_ros-dev/src/vision2024/build/vision2024/prefix_override:/workspaces/isaac_ros-dev/src/vision2024/install/vision2024/lib/python3.8/site-packages:${PYTHONPATH} /usr/bin/python3 setup.py egg_info --egg-base build/vision2024 build --build-base /workspaces/isaac_ros-dev/src/vision2024/build/vision2024/build install --record /workspaces/isaac_ros-dev/src/vision2024/build/vision2024/install.log --single-version-externally-managed
[10.722s] DEBUG:colcon.colcon_core.event_handler.log_command:Invoked command in '/workspaces/isaac_ros-dev/src/vision2024' returned '0': PYTHONPATH=/workspaces/isaac_ros-dev/src/vision2024/build/vision2024/prefix_override:/workspaces/isaac_ros-dev/src/vision2024/install/vision2024/lib/python3.8/site-packages:${PYTHONPATH} /usr/bin/python3 setup.py egg_info --egg-base build/vision2024 build --build-base /workspaces/isaac_ros-dev/src/vision2024/build/vision2024/build install --record /workspaces/isaac_ros-dev/src/vision2024/build/vision2024/install.log --single-version-externally-managed
[10.765s] Level 1:colcon.colcon_core.environment:checking '/workspaces/isaac_ros-dev/src/vision2024/install/vision2024' for CMake module files
[10.766s] Level 1:colcon.colcon_core.environment:checking '/workspaces/isaac_ros-dev/src/vision2024/install/vision2024' for CMake config files
[10.768s] Level 1:colcon.colcon_core.environment:checking '/workspaces/isaac_ros-dev/src/vision2024/install/vision2024/lib'
[10.768s] Level 1:colcon.colcon_core.environment:checking '/workspaces/isaac_ros-dev/src/vision2024/install/vision2024/bin'
[10.768s] Level 1:colcon.colcon_core.environment:checking '/workspaces/isaac_ros-dev/src/vision2024/install/vision2024/lib/pkgconfig/vision2024.pc'
[10.769s] Level 1:colcon.colcon_core.environment:checking '/workspaces/isaac_ros-dev/src/vision2024/install/vision2024/lib/python3.8/site-packages'
[10.769s] Level 1:colcon.colcon_core.shell:create_environment_hook('vision2024', 'pythonpath')
[10.798s] INFO:colcon.colcon_core.shell:Creating environment hook '/workspaces/isaac_ros-dev/src/vision2024/install/vision2024/share/vision2024/hook/pythonpath.ps1'
[10.799s] INFO:colcon.colcon_core.shell:Creating environment descriptor '/workspaces/isaac_ros-dev/src/vision2024/install/vision2024/share/vision2024/hook/pythonpath.dsv'
[10.800s] INFO:colcon.colcon_core.shell:Creating environment hook '/workspaces/isaac_ros-dev/src/vision2024/install/vision2024/share/vision2024/hook/pythonpath.sh'
[10.801s] Level 1:colcon.colcon_core.environment:checking '/workspaces/isaac_ros-dev/src/vision2024/install/vision2024/bin'
[10.801s] Level 1:colcon.colcon_core.environment:create_environment_scripts_only(vision2024)
[10.830s] INFO:colcon.colcon_core.shell:Creating package script '/workspaces/isaac_ros-dev/src/vision2024/install/vision2024/share/vision2024/package.ps1'
[10.832s] INFO:colcon.colcon_core.shell:Creating package descriptor '/workspaces/isaac_ros-dev/src/vision2024/install/vision2024/share/vision2024/package.dsv'
[10.833s] INFO:colcon.colcon_core.shell:Creating package script '/workspaces/isaac_ros-dev/src/vision2024/install/vision2024/share/vision2024/package.sh'
[10.835s] INFO:colcon.colcon_core.shell:Creating package script '/workspaces/isaac_ros-dev/src/vision2024/install/vision2024/share/vision2024/package.bash'
[10.836s] INFO:colcon.colcon_core.shell:Creating package script '/workspaces/isaac_ros-dev/src/vision2024/install/vision2024/share/vision2024/package.zsh'
[10.838s] Level 1:colcon.colcon_core.environment:create_file_with_runtime_dependencies(/workspaces/isaac_ros-dev/src/vision2024/install/vision2024/share/colcon-core/packages/vision2024)
[10.839s] DEBUG:colcon.colcon_parallel_executor.executor.parallel:closing loop
[10.840s] DEBUG:colcon.colcon_parallel_executor.executor.parallel:loop closed
[10.841s] DEBUG:colcon.colcon_parallel_executor.executor.parallel:run_until_complete finished with '0'
[10.841s] DEBUG:colcon.colcon_core.event_reactor:joining thread
[10.885s] INFO:colcon.colcon_core.plugin_system:Skipping extension 'colcon_notification.desktop_notification.notify_send': Could not find 'notify-send'
[10.885s] INFO:colcon.colcon_core.plugin_system:Skipping extension 'colcon_notification.desktop_notification.terminal_notifier': Not used on non-Darwin systems
[10.885s] INFO:colcon.colcon_core.plugin_system:Skipping extension 'colcon_notification.desktop_notification.win32': Not used on non-Windows systems
[10.886s] INFO:colcon.colcon_notification.desktop_notification:Sending desktop notification using 'notify2'
[10.901s] DEBUG:colcon.colcon_notification.desktop_notification.notify2:Failed to initialize notify2: org.freedesktop.DBus.Error.ServiceUnknown: The name org.freedesktop.Notifications was not provided by any .service files
[10.901s] DEBUG:colcon.colcon_core.event_reactor:joined thread
[10.933s] INFO:colcon.colcon_core.shell:Creating prefix script '/workspaces/isaac_ros-dev/src/vision2024/install/local_setup.ps1'
[10.936s] INFO:colcon.colcon_core.shell:Creating prefix util module '/workspaces/isaac_ros-dev/src/vision2024/install/_local_setup_util_ps1.py'
[10.939s] INFO:colcon.colcon_core.shell:Creating prefix chain script '/workspaces/isaac_ros-dev/src/vision2024/install/setup.ps1'
[10.970s] INFO:colcon.colcon_core.shell:Creating prefix script '/workspaces/isaac_ros-dev/src/vision2024/install/local_setup.sh'
[10.972s] INFO:colcon.colcon_core.shell:Creating prefix util module '/workspaces/isaac_ros-dev/src/vision2024/install/_local_setup_util_sh.py'
[10.973s] INFO:colcon.colcon_core.shell:Creating prefix chain script '/workspaces/isaac_ros-dev/src/vision2024/install/setup.sh'
[11.003s] INFO:colcon.colcon_core.shell:Creating prefix script '/workspaces/isaac_ros-dev/src/vision2024/install/local_setup.bash'
[11.004s] INFO:colcon.colcon_core.shell:Creating prefix chain script '/workspaces/isaac_ros-dev/src/vision2024/install/setup.bash'
[11.034s] INFO:colcon.colcon_core.shell:Creating prefix script '/workspaces/isaac_ros-dev/src/vision2024/install/local_setup.zsh'
[11.035s] INFO:colcon.colcon_core.shell:Creating prefix chain script '/workspaces/isaac_ros-dev/src/vision2024/install/setup.zsh'
