running egg_info
creating build/vision2024/vision2024.egg-info
writing build/vision2024/vision2024.egg-info/PKG-INFO
writing dependency_links to build/vision2024/vision2024.egg-info/dependency_links.txt
writing entry points to build/vision2024/vision2024.egg-info/entry_points.txt
writing requirements to build/vision2024/vision2024.egg-info/requires.txt
writing top-level names to build/vision2024/vision2024.egg-info/top_level.txt
writing manifest file 'build/vision2024/vision2024.egg-info/SOURCES.txt'
reading manifest file 'build/vision2024/vision2024.egg-info/SOURCES.txt'
writing manifest file 'build/vision2024/vision2024.egg-info/SOURCES.txt'
running build
running build_py
creating /workspaces/isaac_ros-dev/src/vision2024/build/vision2024/build
creating /workspaces/isaac_ros-dev/src/vision2024/build/vision2024/build/lib
creating /workspaces/isaac_ros-dev/src/vision2024/build/vision2024/build/lib/vision2024
copying vision2024/__init__.py -> /workspaces/isaac_ros-dev/src/vision2024/build/vision2024/build/lib/vision2024
copying vision2024/subscriber.py -> /workspaces/isaac_ros-dev/src/vision2024/build/vision2024/build/lib/vision2024
running install
running install_lib
creating /workspaces/isaac_ros-dev/src/vision2024/install/vision2024/lib/python3.8/site-packages/vision2024
copying /workspaces/isaac_ros-dev/src/vision2024/build/vision2024/build/lib/vision2024/__init__.py -> /workspaces/isaac_ros-dev/src/vision2024/install/vision2024/lib/python3.8/site-packages/vision2024
copying /workspaces/isaac_ros-dev/src/vision2024/build/vision2024/build/lib/vision2024/subscriber.py -> /workspaces/isaac_ros-dev/src/vision2024/install/vision2024/lib/python3.8/site-packages/vision2024
byte-compiling /workspaces/isaac_ros-dev/src/vision2024/install/vision2024/lib/python3.8/site-packages/vision2024/__init__.py to __init__.cpython-38.pyc
byte-compiling /workspaces/isaac_ros-dev/src/vision2024/install/vision2024/lib/python3.8/site-packages/vision2024/subscriber.py to subscriber.cpython-38.pyc
running install_data
creating /workspaces/isaac_ros-dev/src/vision2024/install/vision2024/share/ament_index
creating /workspaces/isaac_ros-dev/src/vision2024/install/vision2024/share/ament_index/resource_index
creating /workspaces/isaac_ros-dev/src/vision2024/install/vision2024/share/ament_index/resource_index/packages
copying resource/vision2024 -> /workspaces/isaac_ros-dev/src/vision2024/install/vision2024/share/ament_index/resource_index/packages
copying package.xml -> /workspaces/isaac_ros-dev/src/vision2024/install/vision2024/share/vision2024
running install_egg_info
Copying build/vision2024/vision2024.egg-info to /workspaces/isaac_ros-dev/src/vision2024/install/vision2024/lib/python3.8/site-packages/vision2024-0.0.0-py3.8.egg-info
running install_scripts
Installing listener script to /workspaces/isaac_ros-dev/src/vision2024/install/vision2024/lib/vision2024
writing list of installed files to '/workspaces/isaac_ros-dev/src/vision2024/build/vision2024/install.log'
