[2.743s] Invoking command in '/workspaces/isaac_ros-dev/src/vision2024': PYTHONPATH=/workspaces/isaac_ros-dev/src/vision2024/build/vision2024/prefix_override:/workspaces/isaac_ros-dev/src/vision2024/install/vision2024/lib/python3.8/site-packages:${PYTHONPATH} /usr/bin/python3 setup.py egg_info --egg-base build/vision2024 build --build-base /workspaces/isaac_ros-dev/src/vision2024/build/vision2024/build install --record /workspaces/isaac_ros-dev/src/vision2024/build/vision2024/install.log --single-version-externally-managed
[3.599s] running egg_info
[3.600s] creating build/vision2024/vision2024.egg-info
[3.632s] writing build/vision2024/vision2024.egg-info/PKG-INFO
[3.634s] writing dependency_links to build/vision2024/vision2024.egg-info/dependency_links.txt
[3.634s] writing entry points to build/vision2024/vision2024.egg-info/entry_points.txt
[3.634s] writing requirements to build/vision2024/vision2024.egg-info/requires.txt
[3.634s] writing top-level names to build/vision2024/vision2024.egg-info/top_level.txt
[3.637s] writing manifest file 'build/vision2024/vision2024.egg-info/SOURCES.txt'
[3.700s] reading manifest file 'build/vision2024/vision2024.egg-info/SOURCES.txt'
[3.702s] writing manifest file 'build/vision2024/vision2024.egg-info/SOURCES.txt'
[3.702s] running build
[3.702s] running build_py
[3.703s] creating /workspaces/isaac_ros-dev/src/vision2024/build/vision2024/build
[3.703s] creating /workspaces/isaac_ros-dev/src/vision2024/build/vision2024/build/lib
[3.703s] creating /workspaces/isaac_ros-dev/src/vision2024/build/vision2024/build/lib/vision2024
[3.703s] copying vision2024/__init__.py -> /workspaces/isaac_ros-dev/src/vision2024/build/vision2024/build/lib/vision2024
[3.704s] copying vision2024/subscriber.py -> /workspaces/isaac_ros-dev/src/vision2024/build/vision2024/build/lib/vision2024
[3.704s] running install
[3.716s] running install_lib
[3.748s] creating /workspaces/isaac_ros-dev/src/vision2024/install/vision2024/lib/python3.8/site-packages/vision2024
[3.748s] copying /workspaces/isaac_ros-dev/src/vision2024/build/vision2024/build/lib/vision2024/__init__.py -> /workspaces/isaac_ros-dev/src/vision2024/install/vision2024/lib/python3.8/site-packages/vision2024
[3.748s] copying /workspaces/isaac_ros-dev/src/vision2024/build/vision2024/build/lib/vision2024/subscriber.py -> /workspaces/isaac_ros-dev/src/vision2024/install/vision2024/lib/python3.8/site-packages/vision2024
[3.750s] byte-compiling /workspaces/isaac_ros-dev/src/vision2024/install/vision2024/lib/python3.8/site-packages/vision2024/__init__.py to __init__.cpython-38.pyc
[3.750s] byte-compiling /workspaces/isaac_ros-dev/src/vision2024/install/vision2024/lib/python3.8/site-packages/vision2024/subscriber.py to subscriber.cpython-38.pyc
[3.751s] running install_data
[3.782s] creating /workspaces/isaac_ros-dev/src/vision2024/install/vision2024/share/ament_index
[3.782s] creating /workspaces/isaac_ros-dev/src/vision2024/install/vision2024/share/ament_index/resource_index
[3.782s] creating /workspaces/isaac_ros-dev/src/vision2024/install/vision2024/share/ament_index/resource_index/packages
[3.783s] copying resource/vision2024 -> /workspaces/isaac_ros-dev/src/vision2024/install/vision2024/share/ament_index/resource_index/packages
[3.783s] copying package.xml -> /workspaces/isaac_ros-dev/src/vision2024/install/vision2024/share/vision2024
[3.783s] running install_egg_info
[3.815s] Copying build/vision2024/vision2024.egg-info to /workspaces/isaac_ros-dev/src/vision2024/install/vision2024/lib/python3.8/site-packages/vision2024-0.0.0-py3.8.egg-info
[3.818s] running install_scripts
[3.969s] Installing listener script to /workspaces/isaac_ros-dev/src/vision2024/install/vision2024/lib/vision2024
[3.970s] writing list of installed files to '/workspaces/isaac_ros-dev/src/vision2024/build/vision2024/install.log'
[4.093s] Invoked command in '/workspaces/isaac_ros-dev/src/vision2024' returned '0': PYTHONPATH=/workspaces/isaac_ros-dev/src/vision2024/build/vision2024/prefix_override:/workspaces/isaac_ros-dev/src/vision2024/install/vision2024/lib/python3.8/site-packages:${PYTHONPATH} /usr/bin/python3 setup.py egg_info --egg-base build/vision2024 build --build-base /workspaces/isaac_ros-dev/src/vision2024/build/vision2024/build install --record /workspaces/isaac_ros-dev/src/vision2024/build/vision2024/install.log --single-version-externally-managed
